3934
0 0 12 1
0 1 12 2
0 2 12 3
0 3 12 4
0 4 12 5
0 5 12 6
0 6 12 7
0 7 12 8
0 8 12 9
0 10 12 11
0 11 12 12
0 12 12 13
0 13 12 14
0 14 12 15
0 15 12 16
0 16 12 17
0 18 12 19
0 19 12 20
0 20 12 21
0 21 12 22
0 22 12 23
0 23 12 24
0 24 12 25
0 25 12 26
0 26 12 27
0 27 12 28
0 28 12 29
0 29 12 30
0 30 12 31
0 31 12 32
0 33 12 34
0 34 12 35
0 37 12 38
0 38 12 39
0 39 12 40
0 40 12 41
0 41 12 42
0 42 12 43
0 43 12 44
0 44 12 45
0 45 12 46
0 46 12 47
0 47 12 48
0 48 12 49
0 49 12 50
0 50 12 51
0 51 12 52
0 52 12 53
0 53 12 54
0 54 12 55
0 55 12 56
0 56 12 57
0 57 12 58
0 58 12 59
0 59 12 60
0 60 12 61
0 61 12 62
0 62 12 63
0 63 12 64
0 64 12 65
0 65 12 66
0 66 12 67
0 67 12 68
0 68 12 69
0 69 12 70
0 71 12 72
0 72 12 73
0 73 12 74
0 74 12 75
0 75 12 76
0 76 12 77
0 77 12 78
0 78 12 79
0 80 12 81
0 81 12 82
0 82 12 83
0 83 12 84
0 84 12 85
0 85 12 86
0 87 12 88
0 88 12 89
0 89 12 90
0 90 12 91
0 91 12 92
0 92 12 93
0 94 12 95
0 95 12 96
0 96 12 97
0 97 12 98
0 98 12 99
0 99 12 100
0 100 12 101
0 101 12 102
0 102 12 103
0 103 12 104
0 104 12 105
0 105 12 106
0 106 12 107
0 107 12 108
0 108 12 109
0 109 12 110
0 111 12 112
0 113 12 114
0 114 12 115
0 115 12 116
0 116 12 117
0 117 12 118
0 118 12 119
0 119 12 120
0 120 12 121
0 121 12 122
0 122 12 123
0 123 12 124
0 124 12 125
0 125 12 126
0 126 12 127
0 127 12 128
0 128 12 129
0 129 12 130
0 130 12 131
0 131 12 132
0 132 12 133
0 133 12 134
0 134 12 135
0 135 12 136
0 136 12 137
0 137 12 138
0 138 12 139
0 139 12 140
0 140 12 141
0 141 12 142
0 142 12 143
0 143 12 144
0 144 12 145
0 145 12 146
0 146 12 147
0 148 12 149
0 149 12 150
0 150 12 151
0 151 12 152
0 152 12 153
0 153 12 154
0 154 12 155
0 155 12 156
0 156 12 157
0 157 12 158
0 158 12 159
0 159 12 160
0 160 12 161
0 161 12 162
0 162 12 163
0 163 12 164
0 164 12 165
0 165 12 166
0 166 12 167
0 167 12 168
0 168 12 169
0 169 12 170
0 170 12 171
0 171 12 172
0 172 12 173
0 173 12 174
0 174 12 175
0 175 12 176
0 176 12 177
0 177 12 178
0 178 12 179
0 179 12 180
0 181 12 182
0 183 12 184
0 184 12 185
0 185 12 186
0 186 12 187
0 187 12 188
0 188 12 189
0 189 12 190
0 190 12 191
0 191 12 192
0 192 12 193
0 193 12 194
0 194 12 195
0 195 12 196
0 196 12 197
0 197 12 198
0 198 12 199
0 199 12 200
0 200 12 201
0 201 12 202
0 202 12 203
0 203 12 204
0 204 12 205
0 205 12 206
0 206 12 207
0 207 12 208
0 208 12 209
0 209 12 210
0 212 12 213
0 213 12 214
0 214 12 215
0 215 12 216
0 216 12 217
0 217 12 218
0 218 12 219
0 219 12 220
0 220 12 221
0 221 12 222
0 222 12 223
0 223 12 224
0 224 12 225
0 225 12 226
0 226 12 227
0 227 12 228
0 228 12 229
0 229 12 230
0 231 12 232
0 232 12 233
0 233 12 234
0 234 12 235
0 235 12 236
0 236 12 237
0 237 12 238
0 238 12 239
0 239 12 240
0 240 12 241
0 241 12 242
0 242 12 243
0 243 12 244
0 244 12 245
0 245 12 246
0 246 12 247
0 247 12 248
0 248 12 249
0 249 12 250
1 36 13 37
1 210 13 211
1 230 13 231
2 32 14 33
2 35 14 36
2 79 14 80
2 86 14 87
3 112 15 113
3 147 15 148
3 180 15 181
3 182 15 183
4 211 16 212
5 110 17 111
7 9 19 10
7 17 19 18
7 70 19 71
9 93 21 94
12 0 24 1
12 1 24 2
12 2 24 3
12 3 24 4
12 5 24 6
12 6 24 7
12 8 24 9
12 10 24 11
12 11 24 12
12 12 24 13
12 13 24 14
12 15 24 16
12 18 24 19
12 19 24 20
12 20 24 21
12 22 24 23
12 23 24 24
12 24 24 25
12 25 24 26
12 26 24 27
12 27 24 28
12 28 24 29
12 30 24 31
12 33 24 34
12 34 24 35
12 37 24 38
12 38 24 39
12 39 24 40
12 40 24 41
12 41 24 42
12 42 24 43
12 43 24 44
12 44 24 45
12 46 24 47
12 47 24 48
12 48 24 49
12 49 24 50
12 50 24 51
12 51 24 52
12 52 24 53
12 53 24 54
12 54 24 55
12 55 24 56
12 56 24 57
12 57 24 58
12 58 24 59
12 59 24 60
12 60 24 61
12 61 24 62
12 62 24 63
12 63 24 64
12 64 24 65
12 65 24 66
12 66 24 67
12 67 24 68
12 68 24 69
12 69 24 70
12 71 24 72
12 72 24 73
12 73 24 74
12 74 24 75
12 76 24 77
12 77 24 78
12 81 24 82
12 82 24 83
12 84 24 85
12 85 24 86
12 87 24 88
12 88 24 89
12 89 24 90
12 90 24 91
12 91 24 92
12 92 24 93
12 94 24 95
12 96 24 97
12 97 24 98
12 98 24 99
12 99 24 100
12 100 24 101
12 101 24 102
12 102 24 103
12 104 24 105
12 105 24 106
12 106 24 107
12 107 24 108
12 108 24 109
12 109 24 110
12 111 24 112
12 113 24 114
12 114 24 115
12 115 24 116
12 116 24 117
12 118 24 119
12 119 24 120
12 121 24 122
12 122 24 123
12 123 24 124
12 124 24 125
12 125 24 126
12 126 24 127
12 127 24 128
12 128 24 129
12 130 24 131
12 131 24 132
12 132 24 133
12 134 24 135
12 135 24 136
12 136 24 137
12 138 24 139
12 139 24 140
12 140 24 141
12 141 24 142
12 143 24 144
12 144 24 145
12 145 24 146
12 146 24 147
12 148 24 149
12 149 24 150
12 150 24 151
12 151 24 152
12 152 24 153
12 153 24 154
12 154 24 155
12 155 24 156
12 157 24 158
12 158 24 159
12 159 24 160
12 160 24 161
12 161 24 162
12 163 24 164
12 164 24 165
12 165 24 166
12 166 24 167
12 167 24 168
12 169 24 170
12 170 24 171
12 171 24 172
12 172 24 173
12 173 24 174
12 174 24 175
12 175 24 176
12 177 24 178
12 178 24 179
12 179 24 180
12 181 24 182
12 184 24 185
12 185 24 186
12 186 24 187
12 187 24 188
12 188 24 189
12 189 24 190
12 190 24 191
12 191 24 192
12 192 24 193
12 193 24 194
12 194 24 195
12 195 24 196
12 196 24 197
12 197 24 198
12 198 24 199
12 199 24 200
12 200 24 201
12 202 24 203
12 203 24 204
12 204 24 205
12 206 24 207
12 207 24 208
12 208 24 209
12 209 24 210
12 212 24 213
12 213 24 214
12 214 24 215
12 215 24 216
12 216 24 217
12 217 24 218
12 218 24 219
12 219 24 220
12 221 24 222
12 222 24 223
12 223 24 224
12 224 24 225
12 225 24 226
12 229 24 230
12 232 24 233
12 233 24 234
12 234 24 235
12 236 24 237
12 238 24 239
12 239 24 240
12 240 24 241
12 241 24 242
12 242 24 243
12 243 24 244
12 244 24 245
12 245 24 246
12 246 24 247
12 247 24 248
12 248 24 249
12 249 24 250
13 4 25 5
13 36 25 37
13 80 25 81
13 95 25 96
13 103 25 104
13 133 25 134
13 162 25 163
13 168 25 169
13 210 25 211
13 230 25 231
13 235 25 236
13 237 25 238
14 14 26 15
14 16 26 17
14 32 26 33
14 35 26 36
14 79 26 80
14 83 26 84
14 86 26 87
14 156 26 157
14 183 26 184
14 201 26 202
14 220 26 221
15 31 27 32
15 78 27 79
15 112 27 113
15 129 27 130
15 180 27 181
15 182 27 183
16 75 28 76
16 147 28 148
16 205 28 206
16 227 28 228
17 110 29 111
17 120 29 121
17 211 29 212
18 7 30 8
18 117 30 118
18 137 30 138
18 142 30 143
18 176 30 177
19 9 31 10
19 17 31 18
19 45 31 46
19 226 31 227
20 70 32 71
20 231 32 232
21 93 33 94
21 228 33 229
23 21 35 22
24 0 36 1
24 1 36 2
24 3 36 4
24 6 36 7
24 10 36 11
24 11 36 12
24 12 36 13
24 13 36 14
24 15 36 16
24 18 36 19
24 20 36 21
24 23 36 24
24 24 36 25
24 25 36 26
24 26 36 27
24 27 36 28
24 28 36 29
24 30 36 31
24 33 36 34
24 34 36 35
24 37 36 38
24 38 36 39
24 39 36 40
24 40 36 41
24 41 36 42
24 42 36 43
24 43 36 44
24 44 36 45
24 46 36 47
24 47 36 48
24 48 36 49
24 49 36 50
24 50 36 51
24 51 36 52
24 52 36 53
24 53 36 54
24 54 36 55
24 55 36 56
24 56 36 57
24 57 36 58
24 58 36 59
24 59 36 60
24 60 36 61
24 61 36 62
24 62 36 63
24 63 36 64
24 64 36 65
24 65 36 66
24 66 36 67
24 67 36 68
24 68 36 69
24 69 36 70
24 71 36 72
24 72 36 73
24 74 36 75
24 76 36 77
24 77 36 78
24 82 36 83
24 84 36 85
24 85 36 86
24 87 36 88
24 88 36 89
24 89 36 90
24 91 36 92
24 92 36 93
24 94 36 95
24 96 36 97
24 97 36 98
24 98 36 99
24 99 36 100
24 100 36 101
24 101 36 102
24 102 36 103
24 104 36 105
24 107 36 108
24 108 36 109
24 109 36 110
24 111 36 112
24 114 36 115
24 115 36 116
24 116 36 117
24 118 36 119
24 119 36 120
24 121 36 122
24 123 36 124
24 125 36 126
24 126 36 127
24 127 36 128
24 128 36 129
24 130 36 131
24 135 36 136
24 136 36 137
24 138 36 139
24 139 36 140
24 140 36 141
24 141 36 142
24 144 36 145
24 145 36 146
24 146 36 147
24 148 36 149
24 149 36 150
24 150 36 151
24 151 36 152
24 152 36 153
24 153 36 154
24 154 36 155
24 155 36 156
24 157 36 158
24 159 36 160
24 161 36 162
24 163 36 164
24 164 36 165
24 165 36 166
24 166 36 167
24 167 36 168
24 170 36 171
24 171 36 172
24 172 36 173
24 173 36 174
24 174 36 175
24 177 36 178
24 178 36 179
24 179 36 180
24 181 36 182
24 184 36 185
24 185 36 186
24 186 36 187
24 187 36 188
24 188 36 189
24 189 36 190
24 190 36 191
24 191 36 192
24 192 36 193
24 193 36 194
24 195 36 196
24 197 36 198
24 198 36 199
24 200 36 201
24 202 36 203
24 203 36 204
24 206 36 207
24 207 36 208
24 209 36 210
24 212 36 213
24 213 36 214
24 214 36 215
24 215 36 216
24 216 36 217
24 217 36 218
24 218 36 219
24 219 36 220
24 221 36 222
24 224 36 225
24 225 36 226
24 229 36 230
24 233 36 234
24 234 36 235
24 238 36 239
24 239 36 240
24 241 36 242
24 242 36 243
24 243 36 244
24 244 36 245
24 245 36 246
24 246 36 247
24 248 36 249
24 249 36 250
25 8 37 9
25 36 37 37
25 80 37 81
25 95 37 96
25 103 37 104
25 133 37 134
25 134 37 135
25 162 37 163
25 168 37 169
25 194 37 195
25 210 37 211
25 222 37 223
25 230 37 231
25 235 37 236
25 237 37 238
25 247 37 248
26 2 38 3
26 5 38 6
26 16 38 17
26 19 38 20
26 32 38 33
26 83 38 84
26 106 38 107
26 122 38 123
26 124 38 125
26 156 38 157
26 183 38 184
26 196 38 197
26 201 38 202
26 220 38 221
26 223 38 224
26 236 38 237
26 240 38 241
27 14 39 15
27 31 39 32
27 73 39 74
27 78 39 79
27 79 39 80
27 112 39 113
27 131 39 132
27 180 39 181
27 182 39 183
27 232 39 233
28 22 40 23
28 29 40 30
28 75 40 76
28 129 40 130
28 132 40 133
28 143 40 144
28 147 40 148
28 160 40 161
28 204 40 205
28 205 40 206
28 227 40 228
29 35 41 36
29 120 41 121
29 158 41 159
29 169 41 170
29 208 41 209
29 211 41 212
30 7 42 8
30 117 42 118
30 137 42 138
30 142 42 143
30 176 42 177
31 9 43 10
31 17 43 18
31 90 43 91
31 105 43 106
31 226 43 227
32 81 44 82
32 86 44 87
32 110 44 111
32 231 44 232
33 93 45 94
33 228 45 229
34 70 46 71
35 4 47 5
35 199 47 200
36 1 48 2
36 3 48 4
36 6 48 7
36 11 48 12
36 12 48 13
36 13 48 14
36 15 48 16
36 18 48 19
36 20 48 21
36 23 48 24
36 24 48 25
36 25 48 26
36 26 48 27
36 27 48 28
36 28 48 29
36 30 48 31
36 33 48 34
36 34 48 35
36 37 48 38
36 38 48 39
36 39 48 40
36 41 48 42
36 42 48 43
36 43 48 44
36 44 48 45
36 46 48 47
36 47 48 48
36 48 48 49
36 49 48 50
36 50 48 51
36 51 48 52
36 52 48 53
36 53 48 54
36 54 48 55
36 55 48 56
36 57 48 58
36 58 48 59
36 59 48 60
36 60 48 61
36 61 48 62
36 62 48 63
36 63 48 64
36 64 48 65
36 65 48 66
36 67 48 68
36 68 48 69
36 69 48 70
36 71 48 72
36 72 48 73
36 74 48 75
36 76 48 77
36 77 48 78
36 84 48 85
36 85 48 86
36 87 48 88
36 88 48 89
36 89 48 90
36 91 48 92
36 92 48 93
36 94 48 95
36 97 48 98
36 98 48 99
36 99 48 100
36 101 48 102
36 102 48 103
36 104 48 105
36 107 48 108
36 108 48 109
36 109 48 110
36 111 48 112
36 114 48 115
36 115 48 116
36 116 48 117
36 119 48 120
36 123 48 124
36 125 48 126
36 126 48 127
36 127 48 128
36 128 48 129
36 130 48 131
36 135 48 136
36 136 48 137
36 138 48 139
36 139 48 140
36 140 48 141
36 141 48 142
36 144 48 145
36 145 48 146
36 148 48 149
36 149 48 150
36 150 48 151
36 151 48 152
36 152 48 153
36 154 48 155
36 155 48 156
36 157 48 158
36 161 48 162
36 163 48 164
36 164 48 165
36 165 48 166
36 166 48 167
36 167 48 168
36 170 48 171
36 171 48 172
36 172 48 173
36 173 48 174
36 174 48 175
36 177 48 178
36 179 48 180
36 181 48 182
36 184 48 185
36 185 48 186
36 186 48 187
36 187 48 188
36 188 48 189
36 190 48 191
36 191 48 192
36 192 48 193
36 193 48 194
36 195 48 196
36 197 48 198
36 198 48 199
36 200 48 201
36 202 48 203
36 203 48 204
36 206 48 207
36 207 48 208
36 209 48 210
36 213 48 214
36 214 48 215
36 215 48 216
36 216 48 217
36 217 48 218
36 218 48 219
36 219 48 220
36 221 48 222
36 224 48 225
36 229 48 230
36 233 48 234
36 234 48 235
36 238 48 239
36 239 48 240
36 241 48 242
36 242 48 243
36 243 48 244
36 244 48 245
36 245 48 246
36 246 48 247
36 248 48 249
36 249 48 250
37 8 49 9
37 21 49 22
37 36 49 37
37 45 49 46
37 66 49 67
37 80 49 81
37 82 49 83
37 103 49 104
37 113 49 114
37 133 49 134
37 134 49 135
37 146 49 147
37 162 49 163
37 168 49 169
37 178 49 179
37 194 49 195
37 210 49 211
37 212 49 213
37 222 49 223
37 225 49 226
37 230 49 231
37 235 49 236
37 237 49 238
38 2 50 3
38 5 50 6
38 16 50 17
38 32 50 33
38 40 50 41
38 83 50 84
38 106 50 107
38 122 50 123
38 124 50 125
38 156 50 157
38 159 50 160
38 196 50 197
38 201 50 202
38 220 50 221
38 223 50 224
38 236 50 237
38 240 50 241
39 14 51 15
39 31 51 32
39 73 51 74
39 78 51 79
39 79 51 80
39 95 51 96
39 96 51 97
39 112 51 113
39 121 51 122
39 131 51 132
39 153 51 154
39 180 51 181
39 182 51 183
39 189 51 190
39 232 51 233
39 247 51 248
40 10 52 11
40 22 52 23
40 29 52 30
40 75 52 76
40 129 52 130
40 147 52 148
40 160 52 161
40 183 52 184
40 204 52 205
40 205 52 206
40 227 52 228
41 35 53 36
41 120 53 121
41 158 53 159
41 169 53 170
41 208 53 209
41 211 53 212
42 0 54 1
42 7 54 8
42 117 54 118
42 137 54 138
42 142 54 143
42 176 54 177
43 9 55 10
43 17 55 18
43 90 55 91
43 100 55 101
43 105 55 106
43 118 55 119
43 226 55 227
44 81 56 82
44 86 56 87
44 110 56 111
44 231 56 232
45 93 57 94
45 143 57 144
46 19 58 20
46 70 58 71
47 4 59 5
47 56 59 57
47 199 59 200
48 1 60 2
48 3 60 4
48 6 60 7
48 11 60 12
48 12 60 13
48 13 60 14
48 15 60 16
48 20 60 21
48 23 60 24
48 24 60 25
48 25 60 26
48 26 60 27
48 27 60 28
48 28 60 29
48 30 60 31
48 33 60 34
48 34 60 35
48 37 60 38
48 38 60 39
48 39 60 40
48 41 60 42
48 43 60 44
48 44 60 45
48 46 60 47
48 47 60 48
48 48 60 49
48 50 60 51
48 51 60 52
48 52 60 53
48 53 60 54
48 55 60 56
48 57 60 58
48 59 60 60
48 60 60 61
48 61 60 62
48 62 60 63
48 63 60 64
48 64 60 65
48 65 60 66
48 67 60 68
48 68 60 69
48 69 60 70
48 71 60 72
48 72 60 73
48 74 60 75
48 76 60 77
48 84 60 85
48 85 60 86
48 87 60 88
48 88 60 89
48 91 60 92
48 94 60 95
48 97 60 98
48 98 60 99
48 99 60 100
48 101 60 102
48 104 60 105
48 107 60 108
48 108 60 109
48 109 60 110
48 111 60 112
48 114 60 115
48 115 60 116
48 116 60 117
48 119 60 120
48 125 60 126
48 127 60 128
48 128 60 129
48 130 60 131
48 135 60 136
48 136 60 137
48 138 60 139
48 139 60 140
48 140 60 141
48 141 60 142
48 144 60 145
48 145 60 146
48 148 60 149
48 149 60 150
48 150 60 151
48 151 60 152
48 152 60 153
48 154 60 155
48 155 60 156
48 157 60 158
48 161 60 162
48 163 60 164
48 164 60 165
48 165 60 166
48 166 60 167
48 167 60 168
48 170 60 171
48 171 60 172
48 172 60 173
48 174 60 175
48 177 60 178
48 179 60 180
48 184 60 185
48 185 60 186
48 186 60 187
48 187 60 188
48 188 60 189
48 191 60 192
48 192 60 193
48 193 60 194
48 195 60 196
48 197 60 198
48 198 60 199
48 200 60 201
48 202 60 203
48 203 60 204
48 206 60 207
48 213 60 214
48 214 60 215
48 215 60 216
48 216 60 217
48 217 60 218
48 219 60 220
48 221 60 222
48 224 60 225
48 229 60 230
48 233 60 234
48 239 60 240
48 241 60 242
48 242 60 243
48 244 60 245
48 246 60 247
48 248 60 249
48 249 60 250
49 8 61 9
49 21 61 22
49 36 61 37
49 54 61 55
49 58 61 59
49 66 61 67
49 77 61 78
49 80 61 81
49 103 61 104
49 113 61 114
49 126 61 127
49 132 61 133
49 133 61 134
49 134 61 135
49 162 61 163
49 168 61 169
49 173 61 174
49 178 61 179
49 194 61 195
49 212 61 213
49 222 61 223
49 225 61 226
49 230 61 231
49 234 61 235
49 235 61 236
49 245 61 246
50 2 62 3
50 5 62 6
50 16 62 17
50 32 62 33
50 40 62 41
50 82 62 83
50 102 62 103
50 106 62 107
50 122 62 123
50 124 62 125
50 181 62 182
50 196 62 197
50 201 62 202
50 207 62 208
50 209 62 210
50 218 62 219
50 220 62 221
50 223 62 224
50 236 62 237
51 14 63 15
51 31 63 32
51 45 63 46
51 73 63 74
51 78 63 79
51 79 63 80
51 89 63 90
51 95 63 96
51 96 63 97
51 112 63 113
51 131 63 132
51 146 63 147
51 153 63 154
51 180 63 181
51 182 63 183
51 189 63 190
51 210 63 211
51 232 63 233
51 237 63 238
51 238 63 239
51 243 63 244
51 247 63 248
52 10 64 11
52 22 64 23
52 29 64 30
52 75 64 76
52 129 64 130
52 147 64 148
52 160 64 161
52 175 64 176
52 183 64 184
52 204 64 205
52 205 64 206
52 227 64 228
53 49 65 50
53 120 65 121
53 158 65 159
53 159 65 160
53 169 65 170
53 208 65 209
53 211 65 212
54 0 66 1
54 7 66 8
54 83 66 84
54 117 66 118
54 137 66 138
54 176 66 177
54 240 66 241
55 9 67 10
55 17 67 18
55 90 67 91
55 100 67 101
55 105 67 106
55 118 67 119
55 142 67 143
55 190 67 191
55 226 67 227
56 42 68 43
56 81 68 82
56 86 68 87
56 92 68 93
56 110 68 111
56 123 68 124
56 156 68 157
57 18 69 19
57 93 69 94
57 121 69 122
57 143 69 144
57 231 69 232
58 19 70 20
58 35 70 36
58 70 70 71
59 4 71 5
59 56 71 57
59 199 71 200
60 1 72 2
60 3 72 4
60 11 72 12
60 12 72 13
60 13 72 14
60 15 72 16
60 20 72 21
60 23 72 24
60 24 72 25
60 25 72 26
60 26 72 27
60 27 72 28
60 28 72 29
60 30 72 31
60 33 72 34
60 37 72 38
60 39 72 40
60 41 72 42
60 44 72 45
60 46 72 47
60 47 72 48
60 48 72 49
60 50 72 51
60 51 72 52
60 52 72 53
60 55 72 56
60 57 72 58
60 59 72 60
60 61 72 62
60 62 72 63
60 63 72 64
60 65 72 66
60 67 72 68
60 68 72 69
60 69 72 70
60 71 72 72
60 72 72 73
60 74 72 75
60 76 72 77
60 85 72 86
60 87 72 88
60 91 72 92
60 94 72 95
60 97 72 98
60 98 72 99
60 99 72 100
60 101 72 102
60 104 72 105
60 107 72 108
60 108 72 109
60 109 72 110
60 111 72 112
60 114 72 115
60 119 72 120
60 125 72 126
60 127 72 128
60 130 72 131
60 135 72 136
60 136 72 137
60 138 72 139
60 139 72 140
60 140 72 141
60 141 72 142
60 144 72 145
60 145 72 146
60 148 72 149
60 149 72 150
60 150 72 151
60 151 72 152
60 152 72 153
60 155 72 156
60 157 72 158
60 161 72 162
60 163 72 164
60 164 72 165
60 165 72 166
60 167 72 168
60 171 72 172
60 172 72 173
60 174 72 175
60 177 72 178
60 179 72 180
60 184 72 185
60 185 72 186
60 186 72 187
60 187 72 188
60 188 72 189
60 191 72 192
60 193 72 194
60 195 72 196
60 197 72 198
60 198 72 199
60 200 72 201
60 202 72 203
60 203 72 204
60 206 72 207
60 213 72 214
60 214 72 215
60 215 72 216
60 216 72 217
60 217 72 218
60 219 72 220
60 221 72 222
60 224 72 225
60 229 72 230
60 233 72 234
60 241 72 242
60 242 72 243
60 244 72 245
60 246 72 247
60 248 72 249
60 249 72 250
61 8 73 9
61 36 73 37
61 38 73 39
61 54 73 55
61 64 73 65
61 66 73 67
61 80 73 81
61 103 73 104
61 113 73 114
61 126 73 127
61 133 73 134
61 134 73 135
61 162 73 163
61 166 73 167
61 168 73 169
61 173 73 174
61 178 73 179
61 194 73 195
61 212 73 213
61 222 73 223
61 225 73 226
61 230 73 231
61 234 73 235
61 245 73 246
62 2 74 3
62 5 74 6
62 16 74 17
62 32 74 33
62 34 74 35
62 40 74 41
62 82 74 83
62 84 74 85
62 88 74 89
62 102 74 103
62 106 74 107
62 116 74 117
62 124 74 125
62 132 74 133
62 181 74 182
62 196 74 197
62 201 74 202
62 207 74 208
62 218 74 219
62 220 74 221
62 223 74 224
62 228 74 229
63 14 75 15
63 31 75 32
63 45 75 46
63 73 75 74
63 78 75 79
63 79 75 80
63 89 75 90
63 95 75 96
63 112 75 113
63 122 75 123
63 128 75 129
63 131 75 132
63 146 75 147
63 153 75 154
63 180 75 181
63 189 75 190
63 210 75 211
63 235 75 236
63 238 75 239
63 243 75 244
63 247 75 248
64 29 76 30
64 53 76 54
64 58 76 59
64 75 76 76
64 129 76 130
64 147 76 148
64 160 76 161
64 175 76 176
64 183 76 184
64 192 76 193
64 204 76 205
64 205 76 206
64 227 76 228
64 237 76 238
65 10 77 11
65 49 77 50
65 96 77 97
65 115 77 116
65 158 77 159
65 159 77 160
65 169 77 170
65 208 77 209
65 211 77 212
65 232 77 233
66 0 78 1
66 6 78 7
66 7 78 8
66 21 78 22
66 83 78 84
66 117 78 118
66 137 78 138
66 176 78 177
66 209 78 210
67 9 79 10
67 17 79 18
67 77 79 78
67 90 79 91
67 100 79 101
67 118 79 119
67 120 79 121
67 142 79 143
67 170 79 171
67 190 79 191
67 236 79 237
68 42 80 43
68 60 80 61
68 81 80 82
68 86 80 87
68 92 80 93
68 105 80 106
68 110 80 111
68 123 80 124
68 154 80 155
68 156 80 157
68 226 80 227
68 240 80 241
69 18 81 19
69 93 81 94
69 121 81 122
69 143 81 144
69 231 81 232
70 22 82 23
70 35 82 36
71 4 83 5
71 43 83 44
71 56 83 57
72 1 84 2
72 3 84 4
72 11 84 12
72 12 84 13
72 13 84 14
72 15 84 16
72 20 84 21
72 23 84 24
72 24 84 25
72 25 84 26
72 28 84 29
72 30 84 31
72 37 84 38
72 39 84 40
72 44 84 45
72 46 84 47
72 47 84 48
72 48 84 49
72 51 84 52
72 52 84 53
72 55 84 56
72 57 84 58
72 59 84 60
72 61 84 62
72 62 84 63
72 63 84 64
72 65 84 66
72 68 84 69
72 69 84 70
72 71 84 72
72 72 84 73
72 74 84 75
72 85 84 86
72 87 84 88
72 91 84 92
72 94 84 95
72 97 84 98
72 98 84 99
72 99 84 100
72 101 84 102
72 104 84 105
72 107 84 108
72 109 84 110
72 111 84 112
72 114 84 115
72 125 84 126
72 127 84 128
72 130 84 131
72 135 84 136
72 136 84 137
72 138 84 139
72 139 84 140
72 141 84 142
72 144 84 145
72 145 84 146
72 148 84 149
72 149 84 150
72 150 84 151
72 151 84 152
72 152 84 153
72 157 84 158
72 161 84 162
72 163 84 164
72 164 84 165
72 165 84 166
72 167 84 168
72 171 84 172
72 172 84 173
72 174 84 175
72 179 84 180
72 185 84 186
72 187 84 188
72 188 84 189
72 191 84 192
72 193 84 194
72 195 84 196
72 197 84 198
72 198 84 199
72 200 84 201
72 202 84 203
72 203 84 204
72 206 84 207
72 213 84 214
72 214 84 215
72 215 84 216
72 216 84 217
72 217 84 218
72 219 84 220
72 224 84 225
72 229 84 230
72 233 84 234
72 244 84 245
72 246 84 247
72 249 84 250
73 8 85 9
73 36 85 37
73 41 85 42
73 50 85 51
73 54 85 55
73 64 85 65
73 66 85 67
73 80 85 81
73 103 85 104
73 108 85 109
73 113 85 114
73 126 85 127
73 133 85 134
73 134 85 135
73 162 85 163
73 166 85 167
73 168 85 169
73 173 85 174
73 177 85 178
73 178 85 179
73 184 85 185
73 194 85 195
73 212 85 213
73 222 85 223
73 225 85 226
73 230 85 231
73 234 85 235
73 245 85 246
73 248 85 249
74 5 86 6
74 16 86 17
74 26 86 27
74 27 86 28
74 33 86 34
74 34 86 35
74 40 86 41
74 82 86 83
74 84 86 85
74 88 86 89
74 102 86 103
74 106 86 107
74 116 86 117
74 124 86 125
74 132 86 133
74 140 86 141
74 181 86 182
74 201 86 202
74 207 86 208
74 218 86 219
74 220 86 221
74 223 86 224
74 228 86 229
75 14 87 15
75 31 87 32
75 38 87 39
75 73 87 74
75 78 87 79
75 79 87 80
75 89 87 90
75 112 87 113
75 119 87 120
75 128 87 129
75 131 87 132
75 153 87 154
75 180 87 181
75 189 87 190
75 210 87 211
75 235 87 236
75 238 87 239
75 239 87 240
75 243 87 244
75 247 87 248
76 2 88 3
76 29 88 30
76 53 88 54
76 58 88 59
76 75 88 76
76 122 88 123
76 129 88 130
76 146 88 147
76 147 88 148
76 155 88 156
76 160 88 161
76 175 88 176
76 183 88 184
76 192 88 193
76 204 88 205
76 205 88 206
76 221 88 222
76 227 88 228
76 237 88 238
76 242 88 243
77 10 89 11
77 19 89 20
77 49 89 50
77 96 89 97
77 115 89 116
77 158 89 159
77 159 89 160
77 169 89 170
77 208 89 209
77 232 89 233
78 0 90 1
78 6 90 7
78 7 90 8
78 21 90 22
78 83 90 84
78 137 90 138
78 176 90 177
78 199 90 200
78 209 90 210
78 241 90 242
79 9 91 10
79 17 91 18
79 76 91 77
79 90 91 91
79 100 91 101
79 117 91 118
79 118 91 119
79 142 91 143
79 170 91 171
79 186 91 187
79 190 91 191
79 236 91 237
80 42 92 43
80 60 92 61
80 70 92 71
80 81 92 82
80 92 92 93
80 95 92 96
80 105 92 106
80 110 92 111
80 123 92 124
80 154 92 155
80 156 92 157
80 226 92 227
80 240 92 241
81 18 93 19
81 67 93 68
81 86 93 87
81 93 93 94
81 121 93 122
81 143 93 144
81 182 93 183
81 231 93 232
82 22 94 23
82 35 94 36
82 77 94 78
83 4 95 5
83 56 95 57
84 1 96 2
84 12 96 13
84 20 96 21
84 23 96 24
84 24 96 25
84 25 96 26
84 28 96 29
84 30 96 31
84 37 96 38
84 39 96 40
84 44 96 45
84 45 96 46
84 46 96 47
84 47 96 48
84 48 96 49
84 51 96 52
84 52 96 53
84 57 96 58
84 59 96 60
84 61 96 62
84 62 96 63
84 63 96 64
84 65 96 66
84 69 96 70
84 71 96 72
84 72 96 73
84 74 96 75
84 85 96 86
84 87 96 88
84 91 96 92
84 94 96 95
84 97 96 98
84 98 96 99
84 104 96 105
84 107 96 108
84 109 96 110
84 111 96 112
84 114 96 115
84 130 96 131
84 135 96 136
84 136 96 137
84 141 96 142
84 144 96 145
84 145 96 146
84 148 96 149
84 149 96 150
84 152 96 153
84 157 96 158
84 161 96 162
84 163 96 164
84 164 96 165
84 165 96 166
84 167 96 168
84 171 96 172
84 172 96 173
84 174 96 175
84 179 96 180
84 185 96 186
84 187 96 188
84 188 96 189
84 193 96 194
84 195 96 196
84 197 96 198
84 200 96 201
84 202 96 203
84 203 96 204
84 206 96 207
84 213 96 214
84 214 96 215
84 217 96 218
84 219 96 220
84 224 96 225
84 229 96 230
84 233 96 234
84 244 96 245
85 8 97 9
85 13 97 14
85 36 97 37
85 50 97 51
85 54 97 55
85 64 97 65
85 66 97 67
85 80 97 81
85 99 97 100
85 103 97 104
85 108 97 109
85 113 97 114
85 120 97 121
85 133 97 134
85 134 97 135
85 139 97 140
85 150 97 151
85 162 97 163
85 166 97 167
85 168 97 169
85 173 97 174
85 177 97 178
85 178 97 179
85 194 97 195
85 212 97 213
85 222 97 223
85 225 97 226
85 230 97 231
85 234 97 235
85 245 97 246
85 246 97 247
86 5 98 6
86 11 98 12
86 16 98 17
86 26 98 27
86 27 98 28
86 33 98 34
86 34 98 35
86 40 98 41
86 55 98 56
86 82 98 83
86 84 98 85
86 88 98 89
86 102 98 103
86 106 98 107
86 116 98 117
86 124 98 125
86 132 98 133
86 138 98 139
86 140 98 141
86 151 98 152
86 181 98 182
86 191 98 192
86 198 98 199
86 201 98 202
86 211 98 212
86 216 98 217
86 218 98 219
86 223 98 224
86 228 98 229
86 248 98 249
86 249 98 250
87 3 99 4
87 14 99 15
87 15 99 16
87 31 99 32
87 32 99 33
87 41 99 42
87 73 99 74
87 78 99 79
87 89 99 90
87 112 99 113
87 119 99 120
87 126 99 127
87 127 99 128
87 128 99 129
87 131 99 132
87 153 99 154
87 180 99 181
87 189 99 190
87 210 99 211
87 235 99 236
87 238 99 239
87 239 99 240
87 243 99 244
87 247 99 248
88 2 100 3
88 29 100 30
88 53 100 54
88 75 100 76
88 79 100 80
88 122 100 123
88 125 100 126
88 129 100 130
88 147 100 148
88 155 100 156
88 183 100 184
88 192 100 193
88 205 100 206
88 207 100 208
88 221 100 222
88 227 100 228
88 237 100 238
88 242 100 243
89 10 101 11
89 19 101 20
89 49 101 50
89 96 101 97
89 115 101 116
89 158 101 159
89 159 101 160
89 169 101 170
89 208 101 209
89 232 101 233
90 6 102 7
90 7 102 8
90 68 102 69
90 83 102 84
90 137 102 138
90 176 102 177
90 196 102 197
90 199 102 200
90 204 102 205
90 209 102 210
90 241 102 242
91 9 103 10
91 17 103 18
91 76 103 77
91 90 103 91
91 100 103 101
91 117 103 118
91 118 103 119
91 142 103 143
91 160 103 161
91 170 103 171
91 175 103 176
91 186 103 187
91 190 103 191
91 215 103 216
91 236 103 237
92 38 104 39
92 42 104 43
92 43 104 44
92 60 104 61
92 70 104 71
92 92 104 93
92 95 104 96
92 101 104 102
92 105 104 106
92 123 104 124
92 146 104 147
92 154 104 155
92 226 104 227
92 240 104 241
93 67 105 68
93 86 105 87
93 93 105 94
93 143 105 144
93 182 105 183
93 184 105 185
93 231 105 232
94 22 106 23
94 35 106 36
94 58 106 59
94 77 106 78
94 220 106 221
95 4 107 5
95 56 107 57
95 110 107 111
96 1 108 2
96 12 108 13
96 20 108 21
96 23 108 24
96 25 108 26
96 30 108 31
96 37 108 38
96 39 108 40
96 44 108 45
96 45 108 46
96 46 108 47
96 48 108 49
96 51 108 52
96 52 108 53
96 57 108 58
96 59 108 60
96 61 108 62
96 62 108 63
96 63 108 64
96 65 108 66
96 69 108 70
96 72 108 73
96 74 108 75
96 85 108 86
96 87 108 88
96 91 108 92
96 94 108 95
96 97 108 98
96 104 108 105
96 107 108 108
96 109 108 110
96 111 108 112
96 130 108 131
96 135 108 136
96 136 108 137
96 141 108 142
96 144 108 145
96 145 108 146
96 149 108 150
96 152 108 153
96 157 108 158
96 161 108 162
96 164 108 165
96 165 108 166
96 167 108 168
96 171 108 172
96 172 108 173
96 174 108 175
96 179 108 180
96 185 108 186
96 187 108 188
96 188 108 189
96 193 108 194
96 195 108 196
96 197 108 198
96 200 108 201
96 202 108 203
96 203 108 204
96 206 108 207
96 213 108 214
96 214 108 215
96 219 108 220
96 224 108 225
96 233 108 234
96 244 108 245
97 8 109 9
97 13 109 14
97 36 109 37
97 50 109 51
97 64 109 65
97 66 109 67
97 71 109 72
97 80 109 81
97 103 109 104
97 108 109 109
97 134 109 135
97 150 109 151
97 162 109 163
97 166 109 167
97 168 109 169
97 177 109 178
97 178 109 179
97 194 109 195
97 212 109 213
97 225 109 226
97 230 109 231
97 234 109 235
97 245 109 246
98 5 110 6
98 11 110 12
98 24 110 25
98 26 110 27
98 27 110 28
98 33 110 34
98 34 110 35
98 54 110 55
98 82 110 83
98 84 110 85
98 88 110 89
98 102 110 103
98 106 110 107
98 116 110 117
98 120 110 121
98 124 110 125
98 132 110 133
98 138 110 139
98 140 110 141
98 151 110 152
98 156 110 157
98 181 110 182
98 191 110 192
98 198 110 199
98 201 110 202
98 211 110 212
98 218 110 219
98 223 110 224
98 228 110 229
98 248 110 249
99 3 111 4
99 14 111 15
99 15 111 16
99 16 111 17
99 31 111 32
99 32 111 33
99 40 111 41
99 41 111 42
99 55 111 56
99 73 111 74
99 78 111 79
99 81 111 82
99 89 111 90
99 112 111 113
99 119 111 120
99 126 111 127
99 127 111 128
99 128 111 129
99 131 111 132
99 133 111 134
99 153 111 154
99 163 111 164
99 180 111 181
99 189 111 190
99 222 111 223
99 235 111 236
99 239 111 240
99 243 111 244
99 246 111 247
99 247 111 248
100 0 112 1
100 2 112 3
100 28 112 29
100 53 112 54
100 75 112 76
100 79 112 80
100 98 112 99
100 113 112 114
100 122 112 123
100 125 112 126
100 129 112 130
100 147 112 148
100 173 112 174
100 192 112 193
100 205 112 206
100 207 112 208
100 227 112 228
100 237 112 238
100 242 112 243
101 19 113 20
101 21 113 22
101 49 113 50
101 96 113 97
101 114 113 115
101 115 113 116
101 121 113 122
101 158 113 159
101 183 113 184
101 208 113 209
101 229 113 230
102 6 114 7
102 7 114 8
102 68 114 69
102 83 114 84
102 137 114 138
102 176 114 177
102 196 114 197
102 199 114 200
102 204 114 205
102 209 114 210
102 217 114 218
102 221 114 222
102 241 114 242
103 9 115 10
103 17 115 18
103 76 115 77
103 100 115 101
103 117 115 118
103 142 115 143
103 170 115 171
103 186 115 187
103 190 115 191
103 215 115 216
103 236 115 237
104 38 116 39
104 42 116 43
104 43 116 44
104 47 116 48
104 60 116 61
104 92 116 93
104 95 116 96
104 101 116 102
104 105 116 106
104 123 116 124
104 139 116 140
104 146 116 147
104 154 116 155
104 160 116 161
104 226 116 227
104 240 116 241
105 18 117 19
105 86 117 87
105 143 117 144
105 182 117 183
105 184 117 185
105 231 117 232
106 22 118 23
106 35 118 36
106 58 118 59
106 67 118 68
106 77 118 78
106 93 118 94
106 99 118 100
106 169 118 170
106 220 118 221
107 4 119 5
107 10 119 11
107 56 119 57
107 110 119 111
107 118 119 119
107 210 119 211
107 216 119 217
108 1 120 2
108 23 120 24
108 25 120 26
108 30 120 31
108 37 120 38
108 39 120 40
108 44 120 45
108 45 120 46
108 46 120 47
108 48 120 49
108 51 120 52
108 52 120 53
108 59 120 60
108 63 120 64
108 65 120 66
108 69 120 70
108 72 120 73
108 74 120 75
108 87 120 88
108 91 120 92
108 94 120 95
108 97 120 98
108 104 120 105
108 107 120 108
108 111 120 112
108 130 120 131
108 135 120 136
108 136 120 137
108 144 120 145
108 149 120 150
108 152 120 153
108 157 120 158
108 159 120 160
108 161 120 162
108 165 120 166
108 167 120 168
108 171 120 172
108 172 120 173
108 174 120 175
108 175 120 176
108 179 120 180
108 185 120 186
108 187 120 188
108 188 120 189
108 193 120 194
108 195 120 196
108 197 120 198
108 200 120 201
108 202 120 203
108 203 120 204
108 206 120 207
108 213 120 214
108 214 120 215
108 219 120 220
108 224 120 225
108 233 120 234
108 244 120 245
108 249 120 250
109 8 121 9
109 13 121 14
109 20 121 21
109 36 121 37
109 50 121 51
109 61 121 62
109 64 121 65
109 66 121 67
109 71 121 72
109 103 121 104
109 108 121 109
109 134 121 135
109 162 121 163
109 166 121 167
109 168 121 169
109 178 121 179
109 212 121 213
109 225 121 226
109 230 121 231
109 238 121 239
109 245 121 246
110 5 122 6
110 11 122 12
110 24 122 25
110 26 122 27
110 27 122 28
110 29 122 30
110 33 122 34
110 34 122 35
110 54 122 55
110 57 122 58
110 82 122 83
110 84 122 85
110 88 122 89
110 102 122 103
110 106 122 107
110 116 122 117
110 124 122 125
110 132 122 133
110 138 122 139
110 140 122 141
110 145 122 146
110 148 122 149
110 150 122 151
110 151 122 152
110 156 122 157
110 164 122 165
110 181 122 182
110 191 122 192
110 194 122 195
110 198 122 199
110 201 122 202
110 211 122 212
110 223 122 224
110 228 122 229
110 232 122 233
110 248 122 249
111 3 123 4
111 14 123 15
111 15 123 16
111 31 123 32
111 32 123 33
111 40 123 41
111 41 123 42
111 55 123 56
111 62 123 63
111 78 123 79
111 81 123 82
111 85 123 86
111 89 123 90
111 112 123 113
111 119 123 120
111 120 123 121
111 126 123 127
111 127 123 128
111 128 123 129
111 131 123 132
111 133 123 134
111 153 123 154
111 155 123 156
111 163 123 164
111 180 123 181
111 189 123 190
111 218 123 219
111 222 123 223
111 235 123 236
111 239 123 240
111 243 123 244
111 246 123 247
111 247 123 248
112 0 124 1
112 2 124 3
112 53 124 54
112 75 124 76
112 98 124 99
112 113 124 114
112 122 124 123
112 125 124 126
112 129 124 130
112 147 124 148
112 173 124 174
112 192 124 193
112 205 124 206
112 207 124 208
112 227 124 228
112 237 124 238
112 242 124 243
113 16 125 17
113 19 125 20
113 21 125 22
113 49 125 50
113 80 125 81
113 96 125 97
113 109 125 110
113 114 125 115
113 115 125 116
113 158 125 159
113 183 125 184
113 208 125 209
113 229 125 230
113 234 125 235
114 6 126 7
114 7 126 8
114 28 126 29
114 68 126 69
114 83 126 84
114 137 126 138
114 141 126 142
114 176 126 177
114 177 126 178
114 196 126 197
114 199 126 200
114 204 126 205
114 209 126 210
114 217 126 218
114 221 126 222
114 241 126 242
115 9 127 10
115 73 127 74
115 76 127 77
115 100 127 101
115 117 127 118
115 142 127 143
115 170 127 171
115 190 127 191
115 236 127 237
116 17 128 18
116 38 128 39
116 42 128 43
116 43 128 44
116 47 128 48
116 92 128 93
116 95 128 96
116 101 128 102
116 105 128 106
116 123 128 124
116 139 128 140
116 146 128 147
116 154 128 155
116 160 128 161
116 186 128 187
116 215 128 216
116 226 128 227
117 18 129 19
117 60 129 61
117 86 129 87
117 143 129 144
117 182 129 183
117 231 129 232
117 240 129 241
118 35 130 36
118 58 130 59
118 67 130 68
118 77 130 78
118 79 130 80
118 93 130 94
118 99 130 100
118 220 130 221
119 4 131 5
119 10 131 11
119 56 131 57
119 110 131 111
119 118 131 119
119 210 131 211
119 216 131 217
120 1 132 2
120 23 132 24
120 25 132 26
120 30 132 31
120 37 132 38
120 39 132 40
120 44 132 45
120 45 132 46
120 46 132 47
120 48 132 49
120 51 132 52
120 52 132 53
120 59 132 60
120 63 132 64
120 65 132 66
120 69 132 70
120 72 132 73
120 74 132 75
120 87 132 88
120 91 132 92
120 94 132 95
120 97 132 98
120 104 132 105
120 107 132 108
120 111 132 112
120 130 132 131
120 135 132 136
120 136 132 137
120 144 132 145
120 149 132 150
120 152 132 153
120 157 132 158
120 159 132 160
120 161 132 162
120 165 132 166
120 167 132 168
120 171 132 172
120 174 132 175
120 175 132 176
120 179 132 180
120 185 132 186
120 187 132 188
120 188 132 189
120 193 132 194
120 195 132 196
120 200 132 201
120 202 132 203
120 203 132 204
120 206 132 207
120 213 132 214
120 214 132 215
120 224 132 225
120 233 132 234
120 244 132 245
120 249 132 250
121 8 133 9
121 13 133 14
121 20 133 21
121 50 133 51
121 61 133 62
121 64 133 65
121 66 133 67
121 71 133 72
121 103 133 104
121 108 133 109
121 121 133 122
121 134 133 135
121 162 133 163
121 168 133 169
121 178 133 179
121 212 133 213
121 219 133 220
121 225 133 226
121 238 133 239
121 245 133 246
122 5 134 6
122 11 134 12
122 24 134 25
122 26 134 27
122 27 134 28
122 29 134 30
122 34 134 35
122 57 134 58
122 70 134 71
122 82 134 83
122 84 134 85
122 88 134 89
122 90 134 91
122 102 134 103
122 106 134 107
122 116 134 117
122 124 134 125
122 132 134 133
122 138 134 139
122 140 134 141
122 145 134 146
122 148 134 149
122 150 134 151
122 156 134 157
122 164 134 165
122 181 134 182
122 191 134 192
122 198 134 199
122 201 134 202
122 211 134 212
122 223 134 224
122 228 134 229
122 232 134 233
122 248 134 249
123 3 135 4
123 14 135 15
123 31 135 32
123 32 135 33
123 40 135 41
123 41 135 42
123 55 135 56
123 62 135 63
123 78 135 79
123 85 135 86
123 89 135 90
123 112 135 113
123 119 135 120
123 120 135 121
123 126 135 127
123 127 135 128
123 131 135 132
123 133 135 134
123 151 135 152
123 155 135 156
123 172 135 173
123 180 135 181
123 189 135 190
123 218 135 219
123 235 135 236
123 239 135 240
123 243 135 244
123 246 135 247
124 2 136 3
124 22 136 23
124 53 136 54
124 54 136 55
124 75 136 76
124 98 136 99
124 113 136 114
124 122 136 123
124 125 136 126
124 128 136 129
124 129 136 130
124 147 136 148
124 169 136 170
124 173 136 174
124 192 136 193
124 205 136 206
124 207 136 208
124 227 136 228
124 237 136 238
124 247 136 248
125 15 137 16
125 16 137 17
125 19 137 20
125 21 137 22
125 36 137 37
125 49 137 50
125 80 137 81
125 96 137 97
125 114 137 115
125 115 137 116
125 153 137 154
125 158 137 159
125 166 137 167
125 183 137 184
125 197 137 198
125 208 137 209
125 234 137 235
125 242 137 243
126 0 138 1
126 7 138 8
126 28 138 29
126 83 138 84
126 109 138 110
126 137 138 138
126 141 138 142
126 176 138 177
126 177 138 178
126 196 138 197
126 199 138 200
126 204 138 205
126 209 138 210
126 217 138 218
126 221 138 222
126 230 138 231
126 241 138 242
127 9 139 10
127 76 139 77
127 100 139 101
127 117 139 118
127 142 139 143
127 170 139 171
127 190 139 191
127 229 139 230
127 236 139 237
128 38 140 39
128 42 140 43
128 43 140 44
128 47 140 48
128 92 140 93
128 95 140 96
128 101 140 102
128 105 140 106
128 139 140 140
128 146 140 147
128 154 140 155
128 186 140 187
128 215 140 216
128 226 140 227
129 18 141 19
129 60 141 61
129 73 141 74
129 86 141 87
129 143 141 144
129 160 141 161
129 182 141 183
129 184 141 185
129 240 141 241
130 6 142 7
130 35 142 36
130 67 142 68
130 68 142 69
130 79 142 80
130 99 142 100
130 194 142 195
130 220 142 221
130 222 142 223
130 231 142 232
131 4 143 5
131 10 143 11
131 17 143 18
131 56 143 57
131 58 143 59
131 118 143 119
131 163 143 164
131 210 143 211
131 216 143 217
132 23 144 24
132 25 144 26
132 30 144 31
132 37 144 38
132 39 144 40
132 44 144 45
132 45 144 46
132 46 144 47
132 48 144 49
132 51 144 52
132 59 144 60
132 63 144 64
132 65 144 66
132 69 144 70
132 72 144 73
132 74 144 75
132 87 144 88
132 91 144 92
132 94 144 95
132 107 144 108
132 130 144 131
132 135 144 136
132 136 144 137
132 144 144 145
132 149 144 150
132 152 144 153
132 157 144 158
132 159 144 160
132 161 144 162
132 165 144 166
132 167 144 168
132 171 144 172
132 175 144 176
132 179 144 180
132 185 144 186
132 187 144 188
132 188 144 189
132 195 144 196
132 200 144 201
132 202 144 203
132 203 144 204
132 206 144 207
132 213 144 214
132 214 144 215
132 224 144 225
132 244 144 245
132 249 144 250
133 8 145 9
133 12 145 13
133 13 145 14
133 20 145 21
133 50 145 51
133 52 145 53
133 61 145 62
133 64 145 65
133 66 145 67
133 71 145 72
133 97 145 98
133 103 145 104
133 108 145 109
133 121 145 122
133 123 145 124
133 162 145 163
133 168 145 169
133 178 145 179
133 219 145 220
133 225 145 226
133 238 145 239
134 1 146 2
134 5 146 6
134 11 146 12
134 24 146 25
134 26 146 27
134 27 146 28
134 29 146 30
134 34 146 35
134 57 146 58
134 70 146 71
134 77 146 78
134 82 146 83
134 84 146 85
134 88 146 89
134 90 146 91
134 93 146 94
134 102 146 103
134 104 146 105
134 106 146 107
134 116 146 117
134 132 146 133
134 138 146 139
134 140 146 141
134 148 146 149
134 181 146 182
134 191 146 192
134 198 146 199
134 201 146 202
134 211 146 212
134 212 146 213
134 228 146 229
134 233 146 234
135 3 147 4
135 14 147 15
135 31 147 32
135 40 147 41
135 41 147 42
135 55 147 56
135 62 147 63
135 78 147 79
135 85 147 86
135 89 147 90
135 112 147 113
135 120 147 121
135 124 147 125
135 126 147 127
135 127 147 128
135 131 147 132
135 133 147 134
135 151 147 152
135 155 147 156
135 164 147 165
135 172 147 173
135 180 147 181
135 189 147 190
135 193 147 194
135 218 147 219
135 235 147 236
135 239 147 240
135 246 147 247
135 248 147 249
136 2 148 3
136 22 148 23
136 53 148 54
136 54 148 55
136 75 148 76
136 98 148 99
136 113 148 114
136 119 148 120
136 122 148 123
136 125 148 126
136 128 148 129
136 129 148 130
136 147 148 148
136 173 148 174
136 192 148 193
136 205 148 206
136 227 148 228
136 232 148 233
136 247 148 248
137 15 149 16
137 16 149 17
137 19 149 20
137 21 149 22
137 36 149 37
137 49 149 50
137 80 149 81
137 111 149 112
137 114 149 115
137 115 149 116
137 134 149 135
137 153 149 154
137 158 149 159
137 166 149 167
137 183 149 184
137 208 149 209
137 223 149 224
137 234 149 235
137 242 149 243
138 0 150 1
138 7 150 8
138 32 150 33
138 83 150 84
138 96 150 97
138 109 150 110
138 137 150 138
138 141 150 142
138 176 150 177
138 177 150 178
138 196 150 197
138 199 150 200
138 204 150 205
138 209 150 210
138 217 150 218
138 221 150 222
138 230 150 231
138 237 150 238
138 241 150 242
139 9 151 10
139 100 151 101
139 117 151 118
139 142 151 143
139 145 151 146
139 170 151 171
139 190 151 191
139 229 151 230
139 236 151 237
140 38 152 39
140 42 152 43
140 43 152 44
140 47 152 48
140 92 152 93
140 95 152 96
140 101 152 102
140 105 152 106
140 139 152 140
140 146 152 147
140 154 152 155
140 186 152 187
140 215 152 216
140 245 152 246
141 18 153 19
141 60 153 61
141 76 153 77
141 86 153 87
141 143 153 144
141 160 153 161
141 182 153 183
141 184 153 185
142 6 154 7
142 33 154 34
142 67 154 68
142 68 154 69
142 79 154 80
142 81 154 82
142 99 154 100
142 169 154 170
142 174 154 175
142 194 154 195
142 220 154 221
142 222 154 223
142 226 154 227
143 4 155 5
143 10 155 11
143 17 155 18
143 28 155 29
143 56 155 57
143 58 155 59
143 73 155 74
143 118 155 119
143 150 155 151
143 163 155 164
143 210 155 211
143 216 155 217
143 240 155 241
144 23 156 24
144 25 156 26
144 30 156 31
144 37 156 38
144 39 156 40
144 45 156 46
144 48 156 49
144 59 156 60
144 63 156 64
144 65 156 66
144 72 156 73
144 74 156 75
144 87 156 88
144 91 156 92
144 94 156 95
144 107 156 108
144 130 156 131
144 135 156 136
144 136 156 137
144 144 156 145
144 149 156 150
144 152 156 153
144 157 156 158
144 159 156 160
144 161 156 162
144 165 156 166
144 167 156 168
144 171 156 172
144 175 156 176
144 185 156 186
144 187 156 188
144 188 156 189
144 195 156 196
144 200 156 201
144 202 156 203
144 203 156 204
144 207 156 208
144 214 156 215
144 224 156 225
144 249 156 250
145 12 157 13
145 13 157 14
145 20 157 21
145 44 157 45
145 46 157 47
145 50 157 51
145 52 157 53
145 61 157 62
145 64 157 65
145 66 157 67
145 69 157 70
145 97 157 98
145 103 157 104
145 108 157 109
145 121 157 122
145 123 157 124
145 162 157 163
145 168 157 169
145 178 157 179
145 206 157 207
145 219 157 220
145 225 157 226
145 238 157 239
146 1 158 2
146 5 158 6
146 11 158 12
146 24 158 25
146 26 158 27
146 27 158 28
146 29 158 30
146 34 158 35
146 57 158 58
146 70 158 71
146 71 158 72
146 77 158 78
146 82 158 83
146 84 158 85
146 88 158 89
146 102 158 103
146 104 158 105
146 106 158 107
146 116 158 117
146 132 158 133
146 138 158 139
146 140 158 141
146 148 158 149
146 191 158 192
146 198 158 199
146 201 158 202
146 211 158 212
146 212 158 213
146 228 158 229
146 233 158 234
146 243 158 244
147 3 159 4
147 14 159 15
147 31 159 32
147 35 159 36
147 40 159 41
147 55 159 56
147 62 159 63
147 78 159 79
147 85 159 86
147 89 159 90
147 90 159 91
147 112 159 113
147 124 159 125
147 126 159 127
147 127 159 128
147 131 159 132
147 133 159 134
147 151 159 152
147 155 159 156
147 164 159 165
147 172 159 173
147 179 159 180
147 180 159 181
147 189 159 190
147 193 159 194
147 218 159 219
147 235 159 236
147 246 159 247
147 248 159 249
148 2 160 3
148 8 160 9
148 22 160 23
148 53 160 54
148 75 160 76
148 93 160 94
148 98 160 99
148 110 160 111
148 113 160 114
148 119 160 120
148 120 160 121
148 122 160 123
148 125 160 126
148 128 160 129
148 129 160 130
148 147 160 148
148 173 160 174
148 192 160 193
148 205 160 206
148 227 160 228
148 231 160 232
148 232 160 233
148 247 160 248
149 15 161 16
149 16 161 17
149 19 161 20
149 21 161 22
149 36 161 37
149 49 161 50
149 54 161 55
149 80 161 81
149 111 161 112
149 115 161 116
149 134 161 135
149 153 161 154
149 156 161 157
149 158 161 159
149 166 161 167
149 183 161 184
149 208 161 209
149 234 161 235
149 239 161 240
149 242 161 243
150 0 162 1
150 7 162 8
150 32 162 33
150 51 162 52
150 83 162 84
150 109 162 110
150 137 162 138
150 141 162 142
150 176 162 177
150 177 162 178
150 196 162 197
150 197 162 198
150 199 162 200
150 204 162 205
150 209 162 210
150 221 162 222
150 230 162 231
150 237 162 238
150 241 162 242
150 244 162 245
151 9 163 10
151 100 163 101
151 114 163 115
151 117 163 118
151 142 163 143
151 145 163 146
151 170 163 171
151 190 163 191
151 213 163 214
151 217 163 218
151 229 163 230
151 236 163 237
152 38 164 39
152 42 164 43
152 43 164 44
152 47 164 48
152 92 164 93
152 95 164 96
152 96 164 97
152 101 164 102
152 105 164 106
152 139 164 140
152 146 164 147
152 154 164 155
152 181 164 182
152 215 164 216
153 18 165 19
153 41 165 42
153 60 165 61
153 76 165 77
153 86 165 87
153 143 165 144
153 160 165 161
153 182 165 183
153 245 165 246
154 6 166 7
154 33 166 34
154 67 166 68
154 68 166 69
154 79 166 80
154 81 166 82
154 99 166 100
154 169 166 170
154 174 166 175
154 194 166 195
154 220 166 221
154 222 166 223
154 223 166 224
154 226 166 227
155 4 167 5
155 10 167 11
155 17 167 18
155 56 167 57
155 58 167 59
155 73 167 74
155 150 167 151
155 163 167 164
155 210 167 211
155 216 167 217
155 240 167 241
156 23 168 24
156 25 168 26
156 30 168 31
156 39 168 40
156 45 168 46
156 59 168 60
156 63 168 64
156 65 168 66
156 72 168 73
156 74 168 75
156 87 168 88
156 94 168 95
156 107 168 108
156 130 168 131
156 136 168 137
156 144 168 145
156 149 168 150
156 152 168 153
156 157 168 158
156 159 168 160
156 161 168 162
156 165 168 166
156 167 168 168
156 171 168 172
156 175 168 176
156 185 168 186
156 187 168 188
156 188 168 189
156 195 168 196
156 200 168 201
156 202 168 203
156 203 168 204
156 207 168 208
156 214 168 215
156 224 168 225
156 249 168 250
157 12 169 13
157 13 169 14
157 44 169 45
157 46 169 47
157 50 169 51
157 52 169 53
157 61 169 62
157 64 169 65
157 66 169 67
157 69 169 70
157 91 169 92
157 97 169 98
157 103 169 104
157 108 169 109
157 118 169 119
157 121 169 122
157 162 169 163
157 168 169 169
157 178 169 179
157 206 169 207
157 219 169 220
157 225 169 226
157 238 169 239
158 1 170 2
158 5 170 6
158 11 170 12
158 24 170 25
158 26 170 27
158 27 170 28
158 29 170 30
158 34 170 35
158 37 170 38
158 57 170 58
158 71 170 72
158 77 170 78
158 82 170 83
158 84 170 85
158 88 170 89
158 102 170 103
158 104 170 105
158 106 170 107
158 116 170 117
158 132 170 133
158 135 170 136
158 138 170 139
158 140 170 141
158 148 170 149
158 191 170 192
158 211 170 212
158 228 170 229
158 233 170 234
158 243 170 244
159 3 171 4
159 14 171 15
159 31 171 32
159 35 171 36
159 40 171 41
159 55 171 56
159 62 171 63
159 85 171 86
159 89 171 90
159 112 171 113
159 126 171 127
159 127 171 128
159 131 171 132
159 133 171 134
159 151 171 152
159 155 171 156
159 164 171 165
159 172 171 173
159 179 171 180
159 184 171 185
159 186 171 187
159 189 171 190
159 218 171 219
159 235 171 236
159 246 171 247
159 248 171 249
160 2 172 3
160 8 172 9
160 22 172 23
160 48 172 49
160 53 172 54
160 75 172 76
160 93 172 94
160 98 172 99
160 110 172 111
160 113 172 114
160 119 172 120
160 120 172 121
160 123 172 124
160 128 172 129
160 129 172 130
160 147 172 148
160 192 172 193
160 193 172 194
160 205 172 206
160 227 172 228
160 231 172 232
160 232 172 233
160 247 172 248
161 15 173 16
161 16 173 17
161 19 173 20
161 21 173 22
161 28 173 29
161 36 173 37
161 54 173 55
161 78 173 79
161 80 173 81
161 115 173 116
161 122 173 123
161 134 173 135
161 153 173 154
161 156 173 157
161 158 173 159
161 166 173 167
161 183 173 184
161 198 173 199
161 234 173 235
161 239 173 240
161 242 173 243
162 7 174 8
162 51 174 52
162 70 174 71
162 83 174 84
162 90 174 91
162 109 174 110
162 111 174 112
162 125 174 126
162 137 174 138
162 176 174 177
162 177 174 178
162 197 174 198
162 199 174 200
162 204 174 205
162 221 174 222
162 230 174 231
162 237 174 238
162 241 174 242
162 244 174 245
163 0 175 1
163 9 175 10
163 100 175 101
163 114 175 115
163 141 175 142
163 142 175 143
163 145 175 146
163 170 175 171
163 190 175 191
163 209 175 210
163 213 175 214
163 217 175 218
163 229 175 230
163 236 175 237
164 38 176 39
164 42 176 43
164 43 176 44
164 47 176 48
164 49 176 50
164 92 176 93
164 95 176 96
164 96 176 97
164 101 176 102
164 105 176 106
164 139 176 140
164 146 176 147
164 180 176 181
164 181 176 182
164 215 176 216
165 18 177 19
165 60 177 61
165 76 177 77
165 86 177 87
165 143 177 144
165 173 177 174
165 182 177 183
165 201 177 202
165 245 177 246
166 6 178 7
166 41 178 42
166 68 178 69
166 79 178 80
166 81 178 82
166 99 178 100
166 174 178 175
166 194 178 195
166 212 178 213
166 220 178 221
166 222 178 223
166 223 178 224
166 226 178 227
167 4 179 5
167 10 179 11
167 56 179 57
167 58 179 59
167 73 179 74
167 150 179 151
167 163 179 164
167 196 179 197
167 216 179 217
167 240 179 241
168 23 180 24
168 25 180 26
168 30 180 31
168 32 180 33
168 39 180 40
168 45 180 46
168 59 180 60
168 63 180 64
168 72 180 73
168 74 180 75
168 87 180 88
168 94 180 95
168 107 180 108
168 130 180 131
168 136 180 137
168 149 180 150
168 152 180 153
168 157 180 158
168 159 180 160
168 161 180 162
168 165 180 166
168 167 180 168
168 171 180 172
168 175 180 176
168 185 180 186
168 187 180 188
168 188 180 189
168 195 180 196
168 200 180 201
168 202 180 203
168 203 180 204
168 207 180 208
168 214 180 215
168 224 180 225
168 249 180 250
169 12 181 13
169 13 181 14
169 44 181 45
169 46 181 47
169 50 181 51
169 52 181 53
169 61 181 62
169 64 181 65
169 66 181 67
169 69 181 70
169 91 181 92
169 97 181 98
169 103 181 104
169 108 181 109
169 117 181 118
169 118 181 119
169 121 181 122
169 144 181 145
169 162 181 163
169 168 181 169
169 178 181 179
169 206 181 207
169 219 181 220
169 225 181 226
169 238 181 239
170 1 182 2
170 11 182 12
170 24 182 25
170 27 182 28
170 34 182 35
170 57 182 58
170 65 182 66
170 71 182 72
170 77 182 78
170 82 182 83
170 84 182 85
170 88 182 89
170 102 182 103
170 104 182 105
170 106 182 107
170 116 182 117
170 124 182 125
170 135 182 136
170 138 182 139
170 148 182 149
170 169 182 170
170 191 182 192
170 211 182 212
170 228 182 229
170 233 182 234
170 243 182 244
171 3 183 4
171 14 183 15
171 20 183 21
171 31 183 32
171 35 183 36
171 40 183 41
171 55 183 56
171 62 183 63
171 89 183 90
171 112 183 113
171 126 183 127
171 127 183 128
171 131 183 132
171 133 183 134
171 151 183 152
171 155 183 156
171 160 183 161
171 164 183 165
171 172 183 173
171 179 183 180
171 184 183 185
171 186 183 187
171 189 183 190
171 208 183 209
171 218 183 219
171 235 183 236
171 246 183 247
171 248 183 249
172 2 184 3
172 8 184 9
172 26 184 27
172 48 184 49
172 53 184 54
172 75 184 76
172 93 184 94
172 98 184 99
172 113 184 114
172 119 184 120
172 120 184 121
172 123 184 124
172 128 184 129
172 129 184 130
172 147 184 148
172 154 184 155
172 193 184 194
172 205 184 206
172 231 184 232
172 232 184 233
172 247 184 248
173 5 185 6
173 15 185 16
173 16 185 17
173 19 185 20
173 21 185 22
173 36 185 37
173 54 185 55
173 80 185 81
173 110 185 111
173 115 185 116
173 122 185 123
173 134 185 135
173 156 185 157
173 166 185 167
173 183 185 184
173 192 185 193
173 198 185 199
173 234 185 235
173 239 185 240
174 7 186 8
174 28 186 29
174 33 186 34
174 51 186 52
174 70 186 71
174 78 186 79
174 83 186 84
174 85 186 86
174 90 186 91
174 111 186 112
174 125 186 126
174 176 186 177
174 199 186 200
174 204 186 205
174 221 186 222
174 230 186 231
174 237 186 238
175 9 187 10
175 100 187 101
175 114 187 115
175 141 187 142
175 142 187 143
175 145 187 146
175 177 187 178
175 190 187 191
175 209 187 210
175 210 187 211
175 213 187 214
175 217 187 218
175 229 187 230
175 236 187 237
176 0 188 1
176 38 188 39
176 42 188 43
176 43 188 44
176 47 188 48
176 92 188 93
176 95 188 96
176 96 188 97
176 101 188 102
176 105 188 106
176 109 188 110
176 137 188 138
176 139 188 140
176 146 188 147
176 180 188 181
176 181 188 182
176 215 188 216
177 18 189 19
177 49 189 50
177 76 189 77
177 86 189 87
177 143 189 144
177 173 189 174
177 182 189 183
177 201 189 202
177 227 189 228
178 6 190 7
178 29 190 30
178 37 190 38
178 41 190 42
178 60 190 61
178 79 190 80
178 81 190 82
178 99 190 100
178 153 190 154
178 174 190 175
178 194 190 195
178 212 190 213
178 220 190 221
178 222 190 223
178 223 190 224
178 245 190 246
179 4 191 5
179 10 191 11
179 22 191 23
179 56 191 57
179 58 191 59
179 73 191 74
179 150 191 151
179 163 191 164
179 196 191 197
179 197 191 198
179 216 191 217
179 240 191 241
179 241 191 242
180 17 192 18
180 23 192 24
180 30 192 31
180 32 192 33
180 39 192 40
180 45 192 46
180 63 192 64
180 67 192 68
180 72 192 73
180 74 192 75
180 87 192 88
180 94 192 95
180 136 192 137
180 152 192 153
180 157 192 158
180 159 192 160
180 161 192 162
180 165 192 166
180 167 192 168
180 170 192 171
180 171 192 172
180 185 192 186
180 187 192 188
180 188 192 189
180 195 192 196
180 200 192 201
180 202 192 203
180 203 192 204
180 207 192 208
180 214 192 215
180 224 192 225
180 242 192 243
180 249 192 250
181 12 193 13
181 13 193 14
181 25 193 26
181 44 193 45
181 46 193 47
181 50 193 51
181 61 193 62
181 64 193 65
181 66 193 67
181 69 193 70
181 91 193 92
181 97 193 98
181 103 193 104
181 108 193 109
181 117 193 118
181 121 193 122
181 140 193 141
181 162 193 163
181 168 193 169
181 178 193 179
181 206 193 207
181 219 193 220
181 238 193 239
181 244 193 245
182 27 194 28
182 34 194 35
182 57 194 58
182 71 194 72
182 77 194 78
182 82 194 83
182 84 194 85
182 88 194 89
182 102 194 103
182 104 194 105
182 106 194 107
182 107 194 108
182 116 194 117
182 124 194 125
182 130 194 131
182 135 194 136
182 138 194 139
182 144 194 145
182 158 194 159
182 169 194 170
182 175 194 176
182 211 194 212
182 233 194 234
182 243 194 244
183 3 195 4
183 11 195 12
183 14 195 15
183 20 195 21
183 31 195 32
183 35 195 36
183 40 195 41
183 55 195 56
183 62 195 63
183 89 195 90
183 112 195 113
183 118 195 119
183 126 195 127
183 127 195 128
183 131 195 132
183 132 195 133
183 148 195 149
183 151 195 152
183 160 195 161
183 164 195 165
183 172 195 173
183 179 195 180
183 184 195 185
183 186 195 187
183 189 195 190
183 208 195 209
183 246 195 247
183 248 195 249
184 8 196 9
184 48 196 49
184 52 196 53
184 53 196 54
184 59 196 60
184 93 196 94
184 98 196 99
184 113 196 114
184 119 196 120
184 120 196 121
184 123 196 124
184 128 196 129
184 129 196 130
184 133 196 134
184 147 196 148
184 149 196 150
184 154 196 155
184 193 196 194
184 205 196 206
184 231 196 232
184 232 196 233
184 247 196 248
185 5 197 6
185 15 197 16
185 16 197 17
185 19 197 20
185 21 197 22
185 54 197 55
185 75 197 76
185 80 197 81
185 115 197 116
185 122 197 123
185 134 197 135
185 156 197 157
185 183 197 184
185 192 197 193
185 198 197 199
185 225 197 226
185 226 197 227
185 234 197 235
185 235 197 236
185 239 197 240
186 7 198 8
186 28 198 29
186 33 198 34
186 51 198 52
186 70 198 71
186 78 198 79
186 83 198 84
186 85 198 86
186 90 198 91
186 110 198 111
186 125 198 126
186 176 198 177
186 204 198 205
186 221 198 222
186 230 198 231
186 237 198 238
187 9 199 10
187 26 199 27
187 114 199 115
187 142 199 143
187 145 199 146
187 155 199 156
187 177 199 178
187 190 199 191
187 209 199 210
187 210 199 211
187 213 199 214
187 217 199 218
187 228 199 229
187 236 199 237
188 0 200 1
188 2 200 3
188 42 200 43
188 43 200 44
188 47 200 48
188 92 200 93
188 95 200 96
188 96 200 97
188 101 200 102
188 105 200 106
188 109 200 110
188 137 200 138
188 139 200 140
188 146 200 147
188 180 200 181
188 181 200 182
188 215 200 216
190 99 196 101
190 173 196 175
190 222 196 224
191 36 197 38
191 196 197 198
191 240 197 242
192 17 198 19
192 22 198 24
192 29 198 31
192 38 198 40
192 67 198 69
192 72 198 74
192 86 198 88
192 152 198 154
192 165 198 167
192 170 198 172
192 187 198 189
192 194 198 196
192 199 198 201
192 201 198 203
193 12 199 14
193 24 199 26
193 49 199 51
193 60 199 62
193 63 199 65
193 65 199 67
193 140 199 142
193 161 199 163
193 167 199 169
193 219 199 221
193 244 199 246
194 56 200 58
194 76 200 78
194 81 200 83
194 102 200 104
194 106 200 108
194 135 200 137
194 143 200 145
194 157 200 159
194 206 200 208
194 211 200 213
194 242 200 244
194 44 198 47
195 130 199 133
195 184 199 187
196 111 200 114
196 117 200 120
196 126 200 129
196 147 200 150
196 172 200 175
196 222 200 225
196 231 200 234
196 246 200 249
197 34 200 38
197 52 200 56
197 120 200 124
197 238 200 242
189 182 200 183
190 79 200 80
195 3 200 5
195 10 200 12
195 31 200 33
195 163 200 165
195 178 200 180
191 216 200 217
197 225 200 228
72 241 76 243
98 216 102 218
196 58 200 60
